0 info it worked if it ends with ok
1 verbose cli [ '/usr/bin/nodejs',
1 verbose cli   '/usr/bin/npm',
1 verbose cli   'install',
1 verbose cli   '-g',
1 verbose cli   'coffee-script' ]
2 info using npm@1.3.10
3 info using node@v0.10.25
4 verbose cache add [ 'coffee-script', null ]
5 verbose cache add name=undefined spec="coffee-script" args=["coffee-script",null]
6 verbose parsed url { protocol: null,
6 verbose parsed url   slashes: null,
6 verbose parsed url   auth: null,
6 verbose parsed url   host: null,
6 verbose parsed url   port: null,
6 verbose parsed url   hostname: null,
6 verbose parsed url   hash: null,
6 verbose parsed url   search: null,
6 verbose parsed url   query: null,
6 verbose parsed url   pathname: 'coffee-script',
6 verbose parsed url   path: 'coffee-script',
6 verbose parsed url   href: 'coffee-script' }
7 silly lockFile ab358269-coffee-script coffee-script
8 verbose lock coffee-script /home/vagrant/.npm/ab358269-coffee-script.lock
9 silly lockFile ab358269-coffee-script coffee-script
10 silly lockFile ab358269-coffee-script coffee-script
11 verbose addNamed [ 'coffee-script', '' ]
12 verbose addNamed [ null, '*' ]
13 silly lockFile 53951495-coffee-script coffee-script@
14 verbose lock coffee-script@ /home/vagrant/.npm/53951495-coffee-script.lock
15 silly addNameRange { name: 'coffee-script', range: '*', hasData: false }
16 verbose url raw coffee-script
17 verbose url resolving [ 'https://registry.npmjs.org/', './coffee-script' ]
18 verbose url resolved https://registry.npmjs.org/coffee-script
19 info trying registry request attempt 1 at 18:19:59
20 http GET https://registry.npmjs.org/coffee-script
21 http 200 https://registry.npmjs.org/coffee-script
22 silly registry.get cb [ 200,
22 silly registry.get   { 'content-type': 'application/json; charset=UTF-8',
22 silly registry.get     server: 'UploadServer',
22 silly registry.get     'cache-control': 'max-age=300',
22 silly registry.get     'last-modified': 'Thu, 1 Mar 2018 1:14:48 GMT',
22 silly registry.get     etag: '"5a975408-ef34"',
22 silly registry.get     'x-npm-region': 'Asia',
22 silly registry.get     'content-length': '61236',
22 silly registry.get     'accept-ranges': 'bytes',
22 silly registry.get     date: 'Tue, 22 May 2018 18:19:59 GMT',
22 silly registry.get     via: '1.1 varnish',
22 silly registry.get     age: '0',
22 silly registry.get     connection: 'keep-alive',
22 silly registry.get     'x-served-by': 'cache-itm18826-ITM',
22 silly registry.get     'x-cache': 'MISS',
22 silly registry.get     'x-cache-hits': '0',
22 silly registry.get     'x-timer': 'S1527013199.115172,VS0,VE230',
22 silly registry.get     vary: 'Accept-Encoding, Accept' } ]
23 silly addNameRange number 2 { name: 'coffee-script', range: '*', hasData: true }
24 silly addNameRange versions [ 'coffee-script',
24 silly addNameRange   [ '0.7.0',
24 silly addNameRange     '0.7.1',
24 silly addNameRange     '0.7.2',
24 silly addNameRange     '0.9.0',
24 silly addNameRange     '0.9.1',
24 silly addNameRange     '0.9.2',
24 silly addNameRange     '0.9.3',
24 silly addNameRange     '0.9.4',
24 silly addNameRange     '0.9.5',
24 silly addNameRange     '0.9.6',
24 silly addNameRange     '1.0.0',
24 silly addNameRange     '1.0.1',
24 silly addNameRange     '1.1.0',
24 silly addNameRange     '1.1.1',
24 silly addNameRange     '1.1.2',
24 silly addNameRange     '1.1.3',
24 silly addNameRange     '1.2.0',
24 silly addNameRange     '1.3.0',
24 silly addNameRange     '1.3.1',
24 silly addNameRange     '1.3.2',
24 silly addNameRange     '1.3.3',
24 silly addNameRange     '1.4.0',
24 silly addNameRange     '1.5.0',
24 silly addNameRange     '1.6.0',
24 silly addNameRange     '1.6.1',
24 silly addNameRange     '1.6.2',
24 silly addNameRange     '1.6.3',
24 silly addNameRange     '1.7.0',
24 silly addNameRange     '1.7.1',
24 silly addNameRange     '1.8.0',
24 silly addNameRange     '1.9.0',
24 silly addNameRange     '1.9.1',
24 silly addNameRange     '1.9.2',
24 silly addNameRange     '1.9.3',
24 silly addNameRange     '1.10.0',
24 silly addNameRange     '1.11.0',
24 silly addNameRange     '1.11.1',
24 silly addNameRange     '1.12.0',
24 silly addNameRange     '1.12.1',
24 silly addNameRange     '1.12.2',
24 silly addNameRange     '1.12.3',
24 silly addNameRange     '1.12.4',
24 silly addNameRange     '1.12.5',
24 silly addNameRange     '1.12.6',
24 silly addNameRange     '1.12.7' ] ]
25 verbose addNamed [ 'coffee-script', '1.12.7' ]
26 verbose addNamed [ '1.12.7', '1.12.7' ]
27 silly lockFile f62f73af-coffee-script-1-12-7 coffee-script@1.12.7
28 verbose lock coffee-script@1.12.7 /home/vagrant/.npm/f62f73af-coffee-script-1-12-7.lock
29 warn deprecated coffee-script@1.12.7: CoffeeScript on NPM has moved to "coffeescript" (no hyphen)
30 silly lockFile 7d85e9d3--script-coffee-script-1-12-7-tgz https://registry.npmjs.org/coffee-script/-/coffee-script-1.12.7.tgz
31 verbose lock https://registry.npmjs.org/coffee-script/-/coffee-script-1.12.7.tgz /home/vagrant/.npm/7d85e9d3--script-coffee-script-1-12-7-tgz.lock
32 verbose addRemoteTarball [ 'https://registry.npmjs.org/coffee-script/-/coffee-script-1.12.7.tgz',
32 verbose addRemoteTarball   'c05dae0cb79591d05b3070a8433a98c9a89ccc53' ]
33 silly lockFile 7d85e9d3--script-coffee-script-1-12-7-tgz https://registry.npmjs.org/coffee-script/-/coffee-script-1.12.7.tgz
34 silly lockFile 7d85e9d3--script-coffee-script-1-12-7-tgz https://registry.npmjs.org/coffee-script/-/coffee-script-1.12.7.tgz
35 silly lockFile f62f73af-coffee-script-1-12-7 coffee-script@1.12.7
36 silly lockFile f62f73af-coffee-script-1-12-7 coffee-script@1.12.7
37 silly lockFile 53951495-coffee-script coffee-script@
38 silly lockFile 53951495-coffee-script coffee-script@
39 error Error: EACCES, mkdir '/home/vagrant/tmp/npm-3639-HUurNeo9'
39 error  { [Error: EACCES, mkdir '/home/vagrant/tmp/npm-3639-HUurNeo9']
39 error   errno: 3,
39 error   code: 'EACCES',
39 error   path: '/home/vagrant/tmp/npm-3639-HUurNeo9' }
40 error Please try running this command again as root/Administrator.
41 error System Linux 3.13.0-147-generic
42 error command "/usr/bin/nodejs" "/usr/bin/npm" "install" "-g" "coffee-script"
43 error cwd /mnt/line_app
44 error node -v v0.10.25
45 error npm -v 1.3.10
46 error path /home/vagrant/tmp/npm-3639-HUurNeo9
47 error code EACCES
48 error errno 3
49 error stack Error: EACCES, mkdir '/home/vagrant/tmp/npm-3639-HUurNeo9'
50 verbose exit [ 3, true ]
